[debug] [2022-08-01T09:16:13.732Z] ----------------------------------------------------------------------
[debug] [2022-08-01T09:16:13.737Z] Command:       /home/solomon/.nvm/versions/node/v17.3.0/bin/node /home/solomon/.nvm/versions/node/v17.3.0/bin/firebase init
[debug] [2022-08-01T09:16:13.739Z] CLI Version:   11.4.0
[debug] [2022-08-01T09:16:13.739Z] Platform:      linux
[debug] [2022-08-01T09:16:13.739Z] Node Version:  v17.3.0
[debug] [2022-08-01T09:16:13.740Z] Time:          Mon Aug 01 2022 10:16:13 GMT+0100 (West Africa Standard Time)
[debug] [2022-08-01T09:16:13.741Z] ----------------------------------------------------------------------
[debug] 
[debug] [2022-08-01T09:16:13.759Z] > command requires scopes: ["email","openid","https://www.googleapis.com/auth/cloudplatformprojects.readonly","https://www.googleapis.com/auth/firebase","https://www.googleapis.com/auth/cloud-platform"]
[debug] [2022-08-01T09:16:13.761Z] > authorizing via signed-in user (solomonuche42@gmail.com)
[info] 
     ######## #### ########  ######## ########     ###     ######  ########
     ##        ##  ##     ## ##       ##     ##  ##   ##  ##       ##
     ######    ##  ########  ######   ########  #########  ######  ######
     ##        ##  ##    ##  ##       ##     ## ##     ##       ## ##
     ##       #### ##     ## ######## ########  ##     ##  ######  ########

You're about to initialize a Firebase project in this directory:

  /home/solomon/Desktop/PROGRAMMING/Firebase/tasks

[info] 
=== Project Setup
[info] 
[info] First, let's associate this project directory with a Firebase project.
[info] You can create multiple project aliases by running firebase use --add, 
[info] but for now we'll just set up a default project.
[info] 
[debug] [2022-08-01T09:16:25.077Z] >>> [apiv2][query] GET https://firebase.googleapis.com/v1beta1/projects pageSize=100
[debug] [2022-08-01T09:16:26.147Z] <<< [apiv2][status] GET https://firebase.googleapis.com/v1beta1/projects 200
[debug] [2022-08-01T09:16:26.148Z] <<< [apiv2][body] GET https://firebase.googleapis.com/v1beta1/projects [omitted]
[info] i  Using project tasks-3db30 (Tasks) 
[info] 
=== Hosting Setup
[info] 
[info] Your public directory is the folder (relative to your project directory) that
[info] will contain Hosting assets to be uploaded with firebase deploy. If you
[info] have a build process for your assets, use your build's output directory.
[info] 
[info] ✔  Wrote public/404.html 
[debug] [2022-08-01T09:17:32.101Z] >>> [apiv2][query] GET https://www.gstatic.com/firebasejs/releases.json [none]
[debug] [2022-08-01T09:17:32.545Z] <<< [apiv2][status] GET https://www.gstatic.com/firebasejs/releases.json 200
[debug] [2022-08-01T09:17:32.547Z] <<< [apiv2][body] GET https://www.gstatic.com/firebasejs/releases.json {"current":{"version":"9.9.1","browserURL":"https://www.gstatic.com/firebasejs/9.9.1/firebase.js","packageURL":"https://www.gstatic.com/firebasejs/9.9.1/firebase.tgz"},"live":{"version":"9.9","browserURL":"https://www.gstatic.com/firebasejs/live/9.9/firebase.js","packageURL":"https://www.gstatic.com/firebasejs/live/9.9/firebase.tgz"},"components":{"analytics":"https://www.gstatic.com/firebasejs/9.9.1/firebase-analytics.js","app":"https://www.gstatic.com/firebasejs/9.9.1/firebase-app.js","app-check":"https://www.gstatic.com/firebasejs/9.9.1/firebase-app-check.js","auth":"https://www.gstatic.com/firebasejs/9.9.1/firebase-auth.js","auth/cordova":"https://www.gstatic.com/firebasejs/9.9.1/firebase-auth/cordova.js","auth/react-native":"https://www.gstatic.com/firebasejs/9.9.1/firebase-auth/react-native.js","functions":"https://www.gstatic.com/firebasejs/9.9.1/firebase-functions.js","firestore":"https://www.gstatic.com/firebasejs/9.9.1/firebase-firestore.js","firestore/lite":"https://www.gstatic.com/firebasejs/9.9.1/firebase-firestore/lite.js","installations":"https://www.gstatic.com/firebasejs/9.9.1/firebase-installations.js","storage":"https://www.gstatic.com/firebasejs/9.9.1/firebase-storage.js","performance":"https://www.gstatic.com/firebasejs/9.9.1/firebase-performance.js","remote-config":"https://www.gstatic.com/firebasejs/9.9.1/firebase-remote-config.js","messaging":"https://www.gstatic.com/firebasejs/9.9.1/firebase-messaging.js","messaging/sw":"https://www.gstatic.com/firebasejs/9.9.1/firebase-messaging/sw.js","database":"https://www.gstatic.com/firebasejs/9.9.1/firebase-database.js","firestore.memory":"https://www.gstatic.com/firebasejs/9.9.1/firebase-firestore.memory.js"}}
[info] ✔  Wrote public/index.html 
[info] 
[info] i  Didn't detect a .git folder. Assuming /home/solomon/Desktop/PROGRAMMING/Firebase/tasks is the project root. 
[info] i  Authorizing with GitHub to upload your service account to a GitHub repository's secrets store. 
[info] 
[info] Visit this URL on this device to log in:
[info] https://github.com/login/oauth/authorize?client_id=89cf50f02ac6aaed3484&state=922204525&redirect_uri=http%3A%2F%2Flocalhost%3A9005&scope=read%3Auser%20repo%20public_repo
[info] 
[info] Waiting for authentication...
[debug] [2022-08-01T09:18:04.396Z] >>> [apiv2][query] POST https://github.com/login/oauth/access_token [none]
[debug] [2022-08-01T09:18:04.403Z] >>> [apiv2][body] POST https://github.com/login/oauth/access_token [stream]
[debug] [2022-08-01T09:18:05.936Z] <<< [apiv2][status] POST https://github.com/login/oauth/access_token 200
[debug] [2022-08-01T09:18:05.936Z] <<< [apiv2][body] POST https://github.com/login/oauth/access_token {"access_token":"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","token_type":"bearer","scope":"read:user,repo"}
[debug] [2022-08-01T09:18:06.030Z] >>> [apiv2][query] GET https://api.github.com/user [none]
[debug] [2022-08-01T09:18:06.753Z] <<< [apiv2][status] GET https://api.github.com/user 200
[debug] [2022-08-01T09:18:06.754Z] <<< [apiv2][body] GET https://api.github.com/user {"login":"officialksolomon","id":65425495,"node_id":"MDQ6VXNlcjY1NDI1NDk1","avatar_url":"https://avatars.githubusercontent.com/u/65425495?v=4","gravatar_id":"","url":"https://api.github.com/users/officialksolomon","html_url":"https://github.com/officialksolomon","followers_url":"https://api.github.com/users/officialksolomon/followers","following_url":"https://api.github.com/users/officialksolomon/following{/other_user}","gists_url":"https://api.github.com/users/officialksolomon/gists{/gist_id}","starred_url":"https://api.github.com/users/officialksolomon/starred{/owner}{/repo}","subscriptions_url":"https://api.github.com/users/officialksolomon/subscriptions","organizations_url":"https://api.github.com/users/officialksolomon/orgs","repos_url":"https://api.github.com/users/officialksolomon/repos","events_url":"https://api.github.com/users/officialksolomon/events{/privacy}","received_events_url":"https://api.github.com/users/officialksolomon/received_events","type":"User","site_admin":false,"name":"Solomon Uche","company":null,"blog":"linkedin.com/in/solomon-uche-071194130","location":null,"email":null,"hireable":null,"bio":"Fullstack Software Engineer (Python | Javascript | Django | Reactjs | React Native | Nextjs )","twitter_username":null,"public_repos":16,"public_gists":0,"followers":1,"following":1,"created_at":"2020-05-15T21:43:38Z","updated_at":"2022-08-01T09:17:59Z","private_gists":4,"total_private_repos":10,"owned_private_repos":10,"disk_usage":109098,"collaborators":2,"two_factor_authentication":false,"plan":{"name":"free","space":976562499,"collaborators":0,"private_repos":10000}}
[info] 
[info] ✔  Success! Logged into GitHub as officialksolomon 
[info] 
[debug] [2022-08-01T09:18:40.960Z] >>> [apiv2][query] GET https://api.github.com/repos//actions/secrets/public-key type=owner
[debug] [2022-08-01T09:18:41.671Z] <<< [apiv2][status] GET https://api.github.com/repos//actions/secrets/public-key 404
[debug] [2022-08-01T09:18:41.675Z] <<< [apiv2][body] GET https://api.github.com/repos//actions/secrets/public-key {"message":"Not Found","documentation_url":"https://docs.github.com/rest"}
[debug] [2022-08-01T09:20:02.004Z] >>> [apiv2][query] GET https://api.github.com/repos/officialksolomon/tasks/actions/secrets/public-key type=owner
[debug] [2022-08-01T09:20:02.678Z] <<< [apiv2][status] GET https://api.github.com/repos/officialksolomon/tasks/actions/secrets/public-key 404
[debug] [2022-08-01T09:20:02.681Z] <<< [apiv2][body] GET https://api.github.com/repos/officialksolomon/tasks/actions/secrets/public-key {"message":"Not Found","documentation_url":"https://docs.github.com/rest/reference/actions#get-a-repository-public-key"}
[debug] [2022-08-01T09:20:03.586Z] >>> [apiv2][query] GET https://api.github.com/repos/officialksolomon/tasks/actions/secrets/public-key type=owner
[debug] [2022-08-01T09:20:04.295Z] <<< [apiv2][status] GET https://api.github.com/repos/officialksolomon/tasks/actions/secrets/public-key 404
[debug] [2022-08-01T09:20:04.296Z] <<< [apiv2][body] GET https://api.github.com/repos/officialksolomon/tasks/actions/secrets/public-key {"message":"Not Found","documentation_url":"https://docs.github.com/rest/reference/actions#get-a-repository-public-key"}
[debug] [2022-08-01T09:22:26.578Z] >>> [apiv2][query] GET https://api.github.com/repos/officialksolomon/tasks/actions/secrets/public-key type=owner
[debug] [2022-08-01T09:22:27.182Z] <<< [apiv2][status] GET https://api.github.com/repos/officialksolomon/tasks/actions/secrets/public-key 401
[debug] [2022-08-01T09:22:27.183Z] <<< [apiv2][body] GET https://api.github.com/repos/officialksolomon/tasks/actions/secrets/public-key {"message":"Bad credentials","documentation_url":"https://docs.github.com/rest"}
[debug] [2022-08-01T09:22:34.558Z] >>> [apiv2][query] GET https://api.github.com/repos/officialksolomon/tasks/actions/secrets/public-key type=owner
[debug] [2022-08-01T09:22:35.171Z] <<< [apiv2][status] GET https://api.github.com/repos/officialksolomon/tasks/actions/secrets/public-key 401
[debug] [2022-08-01T09:22:35.172Z] <<< [apiv2][body] GET https://api.github.com/repos/officialksolomon/tasks/actions/secrets/public-key {"message":"Bad credentials","documentation_url":"https://docs.github.com/rest"}
[debug] [2022-08-01T09:22:44.829Z] >>> [apiv2][query] GET https://api.github.com/repos/officialksolomon/tasks/actions/secrets/public-key type=owner
[debug] [2022-08-01T09:22:45.446Z] <<< [apiv2][status] GET https://api.github.com/repos/officialksolomon/tasks/actions/secrets/public-key 401
[debug] [2022-08-01T09:22:45.446Z] <<< [apiv2][body] GET https://api.github.com/repos/officialksolomon/tasks/actions/secrets/public-key {"message":"Bad credentials","documentation_url":"https://docs.github.com/rest"}
[debug] [2022-08-01T09:22:53.241Z] >>> [apiv2][query] GET https://api.github.com/repos//actions/secrets/public-key type=owner
[debug] [2022-08-01T09:22:53.883Z] <<< [apiv2][status] GET https://api.github.com/repos//actions/secrets/public-key 401
[debug] [2022-08-01T09:22:53.883Z] <<< [apiv2][body] GET https://api.github.com/repos//actions/secrets/public-key {"message":"Bad credentials","documentation_url":"https://docs.github.com/rest"}
[debug] [2022-08-01T09:23:13.214Z] >>> [apiv2][query] GET https://api.github.com/repos/officialksolomon/tasks/actions/secrets/public-key type=owner
[debug] [2022-08-01T09:23:13.825Z] <<< [apiv2][status] GET https://api.github.com/repos/officialksolomon/tasks/actions/secrets/public-key 401
[debug] [2022-08-01T09:23:13.828Z] <<< [apiv2][body] GET https://api.github.com/repos/officialksolomon/tasks/actions/secrets/public-key {"message":"Bad credentials","documentation_url":"https://docs.github.com/rest"}
[debug] [2022-08-01T09:23:14.653Z] >>> [apiv2][query] GET https://api.github.com/repos/officialksolomon/tasks/actions/secrets/public-key type=owner
[debug] [2022-08-01T09:23:14.812Z] >>> [apiv2][query] GET https://api.github.com/repos//actions/secrets/public-key type=owner
[debug] [2022-08-01T09:23:15.330Z] <<< [apiv2][status] GET https://api.github.com/repos/officialksolomon/tasks/actions/secrets/public-key 401
[debug] [2022-08-01T09:23:15.334Z] <<< [apiv2][body] GET https://api.github.com/repos/officialksolomon/tasks/actions/secrets/public-key {"message":"Bad credentials","documentation_url":"https://docs.github.com/rest"}
[debug] [2022-08-01T09:23:15.461Z] <<< [apiv2][status] GET https://api.github.com/repos//actions/secrets/public-key 401
[debug] [2022-08-01T09:23:15.461Z] <<< [apiv2][body] GET https://api.github.com/repos//actions/secrets/public-key {"message":"Bad credentials","documentation_url":"https://docs.github.com/rest"}
